2020-12-22 14:31:20.063  INFO 6736 --- [restartedMain] t.e.s.t.Tp1SpringAopApplication          : Starting Tp1SpringAopApplication using Java 1.8.0_60 on DESKTOP-BSHFAPR with PID 6736 (C:\Users\Bahihc\IdeaProjects\tp1-spring-aop\target\classes started by Bahihc in C:\Users\Bahihc\IdeaProjects\tp1-spring-aop)
2020-12-22 14:31:20.065  INFO 6736 --- [restartedMain] t.e.s.t.Tp1SpringAopApplication          : No active profile set, falling back to default profiles: default
2020-12-22 14:31:20.117  INFO 6736 --- [restartedMain] .e.DevToolsPropertyDefaultsPostProcessor : Devtools property defaults active! Set 'spring.devtools.add-properties' to 'false' to disable
2020-12-22 14:31:20.118  INFO 6736 --- [restartedMain] .e.DevToolsPropertyDefaultsPostProcessor : For additional web related logging consider setting the 'logging.level.web' property to 'DEBUG'
2020-12-22 14:31:20.614  INFO 6736 --- [restartedMain] .s.d.r.c.RepositoryConfigurationDelegate : Bootstrapping Spring Data JPA repositories in DEFAULT mode.
2020-12-22 14:31:20.665  INFO 6736 --- [restartedMain] .s.d.r.c.RepositoryConfigurationDelegate : Finished Spring Data repository scanning in 43 ms. Found 1 JPA repository interfaces.
2020-12-22 14:31:21.067  INFO 6736 --- [restartedMain] o.s.b.w.embedded.tomcat.TomcatWebServer  : Tomcat initialized with port(s): 8081 (http)
2020-12-22 14:31:21.073  INFO 6736 --- [restartedMain] o.apache.catalina.core.StandardService   : Starting service [Tomcat]
2020-12-22 14:31:21.074  INFO 6736 --- [restartedMain] org.apache.catalina.core.StandardEngine  : Starting Servlet engine: [Apache Tomcat/9.0.41]
2020-12-22 14:31:21.139  INFO 6736 --- [restartedMain] o.a.c.c.C.[.[localhost].[/SpringMVC]     : Initializing Spring embedded WebApplicationContext
2020-12-22 14:31:21.139  INFO 6736 --- [restartedMain] w.s.c.ServletWebServerApplicationContext : Root WebApplicationContext: initialization completed in 1020 ms
2020-12-22 14:31:21.275  INFO 6736 --- [restartedMain] o.hibernate.jpa.internal.util.LogHelper  : HHH000204: Processing PersistenceUnitInfo [name: default]
2020-12-22 14:31:21.324  INFO 6736 --- [restartedMain] org.hibernate.Version                    : HHH000412: Hibernate ORM core version 5.4.25.Final
2020-12-22 14:31:21.451  INFO 6736 --- [restartedMain] o.hibernate.annotations.common.Version   : HCANN000001: Hibernate Commons Annotations {5.1.2.Final}
2020-12-22 14:31:21.529  INFO 6736 --- [restartedMain] com.zaxxer.hikari.HikariDataSource       : HikariPool-1 - Starting...
2020-12-22 14:31:21.701  INFO 6736 --- [restartedMain] com.zaxxer.hikari.HikariDataSource       : HikariPool-1 - Start completed.
2020-12-22 14:31:21.711  INFO 6736 --- [restartedMain] org.hibernate.dialect.Dialect            : HHH000400: Using dialect: org.hibernate.dialect.MySQL5InnoDBDialect
2020-12-22 14:31:22.217  INFO 6736 --- [restartedMain] o.h.e.t.j.p.i.JtaPlatformInitiator       : HHH000490: Using JtaPlatform implementation: [org.hibernate.engine.transaction.jta.platform.internal.NoJtaPlatform]
2020-12-22 14:31:22.225  INFO 6736 --- [restartedMain] j.LocalContainerEntityManagerFactoryBean : Initialized JPA EntityManagerFactory for persistence unit 'default'
2020-12-22 14:31:22.247  INFO 6736 --- [restartedMain] o.s.b.d.a.OptionalLiveReloadServer       : LiveReload server is running on port 35729
2020-12-22 14:31:22.545  WARN 6736 --- [restartedMain] JpaBaseConfiguration$JpaWebConfiguration : spring.jpa.open-in-view is enabled by default. Therefore, database queries may be performed during view rendering. Explicitly configure spring.jpa.open-in-view to disable this warning
2020-12-22 14:31:22.613  INFO 6736 --- [restartedMain] o.s.s.concurrent.ThreadPoolTaskExecutor  : Initializing ExecutorService 'applicationTaskExecutor'
2020-12-22 14:31:22.746  INFO 6736 --- [restartedMain] o.s.b.w.embedded.tomcat.TomcatWebServer  : Tomcat started on port(s): 8081 (http) with context path '/SpringMVC'
2020-12-22 14:31:22.753  INFO 6736 --- [restartedMain] t.e.s.t.Tp1SpringAopApplication          : Started Tp1SpringAopApplication in 3.029 seconds (JVM running for 3.734)
2020-12-22 14:31:29.698  INFO 6736 --- [http-nio-8081-exec-1] o.a.c.c.C.[.[localhost].[/SpringMVC]     : Initializing Spring DispatcherServlet 'dispatcherServlet'
2020-12-22 14:31:29.699  INFO 6736 --- [http-nio-8081-exec-1] o.s.web.servlet.DispatcherServlet        : Initializing Servlet 'dispatcherServlet'
2020-12-22 14:31:29.701  INFO 6736 --- [http-nio-8081-exec-1] o.s.web.servlet.DispatcherServlet        : Completed initialization in 2 ms
2020-12-22 14:32:10.430  INFO 9636 --- [restartedMain] t.e.s.t.Tp1SpringAopApplication          : Starting Tp1SpringAopApplication using Java 1.8.0_60 on DESKTOP-BSHFAPR with PID 9636 (C:\Users\Bahihc\IdeaProjects\tp1-spring-aop\target\classes started by Bahihc in C:\Users\Bahihc\IdeaProjects\tp1-spring-aop)
2020-12-22 14:32:10.432  INFO 9636 --- [restartedMain] t.e.s.t.Tp1SpringAopApplication          : No active profile set, falling back to default profiles: default
2020-12-22 14:32:10.468  INFO 9636 --- [restartedMain] .e.DevToolsPropertyDefaultsPostProcessor : Devtools property defaults active! Set 'spring.devtools.add-properties' to 'false' to disable
2020-12-22 14:32:10.469  INFO 9636 --- [restartedMain] .e.DevToolsPropertyDefaultsPostProcessor : For additional web related logging consider setting the 'logging.level.web' property to 'DEBUG'
2020-12-22 14:32:10.910  INFO 9636 --- [restartedMain] .s.d.r.c.RepositoryConfigurationDelegate : Bootstrapping Spring Data JPA repositories in DEFAULT mode.
2020-12-22 14:32:10.949  INFO 9636 --- [restartedMain] .s.d.r.c.RepositoryConfigurationDelegate : Finished Spring Data repository scanning in 33 ms. Found 1 JPA repository interfaces.
2020-12-22 14:32:11.265  INFO 9636 --- [restartedMain] o.s.b.w.embedded.tomcat.TomcatWebServer  : Tomcat initialized with port(s): 8081 (http)
2020-12-22 14:32:11.270  INFO 9636 --- [restartedMain] o.apache.catalina.core.StandardService   : Starting service [Tomcat]
2020-12-22 14:32:11.271  INFO 9636 --- [restartedMain] org.apache.catalina.core.StandardEngine  : Starting Servlet engine: [Apache Tomcat/9.0.41]
2020-12-22 14:32:11.339  INFO 9636 --- [restartedMain] o.a.c.c.C.[.[localhost].[/SpringMVC]     : Initializing Spring embedded WebApplicationContext
2020-12-22 14:32:11.339  INFO 9636 --- [restartedMain] w.s.c.ServletWebServerApplicationContext : Root WebApplicationContext: initialization completed in 869 ms
2020-12-22 14:32:11.492  INFO 9636 --- [restartedMain] o.hibernate.jpa.internal.util.LogHelper  : HHH000204: Processing PersistenceUnitInfo [name: default]
2020-12-22 14:32:11.521  INFO 9636 --- [restartedMain] org.hibernate.Version                    : HHH000412: Hibernate ORM core version 5.4.25.Final
2020-12-22 14:32:11.595  INFO 9636 --- [restartedMain] o.hibernate.annotations.common.Version   : HCANN000001: Hibernate Commons Annotations {5.1.2.Final}
2020-12-22 14:32:11.655  INFO 9636 --- [restartedMain] com.zaxxer.hikari.HikariDataSource       : HikariPool-1 - Starting...
2020-12-22 14:32:11.778  INFO 9636 --- [restartedMain] com.zaxxer.hikari.HikariDataSource       : HikariPool-1 - Start completed.
2020-12-22 14:32:11.786  INFO 9636 --- [restartedMain] org.hibernate.dialect.Dialect            : HHH000400: Using dialect: org.hibernate.dialect.MySQL5InnoDBDialect
2020-12-22 14:32:12.142  INFO 9636 --- [restartedMain] o.h.e.t.j.p.i.JtaPlatformInitiator       : HHH000490: Using JtaPlatform implementation: [org.hibernate.engine.transaction.jta.platform.internal.NoJtaPlatform]
2020-12-22 14:32:12.148  INFO 9636 --- [restartedMain] j.LocalContainerEntityManagerFactoryBean : Initialized JPA EntityManagerFactory for persistence unit 'default'
2020-12-22 14:32:12.168  INFO 9636 --- [restartedMain] o.s.b.d.a.OptionalLiveReloadServer       : LiveReload server is running on port 35729
2020-12-22 14:32:12.400  WARN 9636 --- [restartedMain] JpaBaseConfiguration$JpaWebConfiguration : spring.jpa.open-in-view is enabled by default. Therefore, database queries may be performed during view rendering. Explicitly configure spring.jpa.open-in-view to disable this warning
2020-12-22 14:32:12.461  INFO 9636 --- [restartedMain] o.s.s.concurrent.ThreadPoolTaskExecutor  : Initializing ExecutorService 'applicationTaskExecutor'
2020-12-22 14:32:12.627  INFO 9636 --- [restartedMain] o.s.b.w.embedded.tomcat.TomcatWebServer  : Tomcat started on port(s): 8081 (http) with context path '/SpringMVC'
2020-12-22 14:32:12.634  INFO 9636 --- [restartedMain] t.e.s.t.Tp1SpringAopApplication          : Started Tp1SpringAopApplication in 2.49 seconds (JVM running for 3.145)
2020-12-22 14:32:14.424  INFO 9636 --- [http-nio-8081-exec-1] o.a.c.c.C.[.[localhost].[/SpringMVC]     : Initializing Spring DispatcherServlet 'dispatcherServlet'
2020-12-22 14:32:14.425  INFO 9636 --- [http-nio-8081-exec-1] o.s.web.servlet.DispatcherServlet        : Initializing Servlet 'dispatcherServlet'
2020-12-22 14:32:14.426  INFO 9636 --- [http-nio-8081-exec-1] o.s.web.servlet.DispatcherServlet        : Completed initialization in 1 ms
2020-12-22 14:33:53.156  INFO 13780 --- [restartedMain] t.e.s.t.Tp1SpringAopApplication          : Starting Tp1SpringAopApplication using Java 1.8.0_60 on DESKTOP-BSHFAPR with PID 13780 (C:\Users\Bahihc\IdeaProjects\tp1-spring-aop\target\classes started by Bahihc in C:\Users\Bahihc\IdeaProjects\tp1-spring-aop)
2020-12-22 14:33:53.159  INFO 13780 --- [restartedMain] t.e.s.t.Tp1SpringAopApplication          : No active profile set, falling back to default profiles: default
2020-12-22 14:33:53.196  INFO 13780 --- [restartedMain] .e.DevToolsPropertyDefaultsPostProcessor : Devtools property defaults active! Set 'spring.devtools.add-properties' to 'false' to disable
2020-12-22 14:33:53.197  INFO 13780 --- [restartedMain] .e.DevToolsPropertyDefaultsPostProcessor : For additional web related logging consider setting the 'logging.level.web' property to 'DEBUG'
2020-12-22 14:33:53.709  INFO 13780 --- [restartedMain] .s.d.r.c.RepositoryConfigurationDelegate : Bootstrapping Spring Data JPA repositories in DEFAULT mode.
2020-12-22 14:33:53.749  INFO 13780 --- [restartedMain] .s.d.r.c.RepositoryConfigurationDelegate : Finished Spring Data repository scanning in 34 ms. Found 1 JPA repository interfaces.
2020-12-22 14:33:54.100  INFO 13780 --- [restartedMain] o.s.b.w.embedded.tomcat.TomcatWebServer  : Tomcat initialized with port(s): 8081 (http)
2020-12-22 14:33:54.107  INFO 13780 --- [restartedMain] o.apache.catalina.core.StandardService   : Starting service [Tomcat]
2020-12-22 14:33:54.107  INFO 13780 --- [restartedMain] org.apache.catalina.core.StandardEngine  : Starting Servlet engine: [Apache Tomcat/9.0.41]
2020-12-22 14:33:54.186  INFO 13780 --- [restartedMain] o.a.c.c.C.[.[localhost].[/SpringMVC]     : Initializing Spring embedded WebApplicationContext
2020-12-22 14:33:54.187  INFO 13780 --- [restartedMain] w.s.c.ServletWebServerApplicationContext : Root WebApplicationContext: initialization completed in 989 ms
2020-12-22 14:33:54.296  INFO 13780 --- [restartedMain] o.hibernate.jpa.internal.util.LogHelper  : HHH000204: Processing PersistenceUnitInfo [name: default]
2020-12-22 14:33:54.343  INFO 13780 --- [restartedMain] org.hibernate.Version                    : HHH000412: Hibernate ORM core version 5.4.25.Final
2020-12-22 14:33:54.465  INFO 13780 --- [restartedMain] o.hibernate.annotations.common.Version   : HCANN000001: Hibernate Commons Annotations {5.1.2.Final}
2020-12-22 14:33:54.562  INFO 13780 --- [restartedMain] com.zaxxer.hikari.HikariDataSource       : HikariPool-1 - Starting...
2020-12-22 14:33:54.704  INFO 13780 --- [restartedMain] com.zaxxer.hikari.HikariDataSource       : HikariPool-1 - Start completed.
2020-12-22 14:33:54.717  INFO 13780 --- [restartedMain] org.hibernate.dialect.Dialect            : HHH000400: Using dialect: org.hibernate.dialect.MySQL5InnoDBDialect
2020-12-22 14:33:55.208  INFO 13780 --- [restartedMain] o.h.e.t.j.p.i.JtaPlatformInitiator       : HHH000490: Using JtaPlatform implementation: [org.hibernate.engine.transaction.jta.platform.internal.NoJtaPlatform]
2020-12-22 14:33:55.215  INFO 13780 --- [restartedMain] j.LocalContainerEntityManagerFactoryBean : Initialized JPA EntityManagerFactory for persistence unit 'default'
2020-12-22 14:33:55.236  INFO 13780 --- [restartedMain] o.s.b.d.a.OptionalLiveReloadServer       : LiveReload server is running on port 35729
2020-12-22 14:33:55.494  WARN 13780 --- [restartedMain] JpaBaseConfiguration$JpaWebConfiguration : spring.jpa.open-in-view is enabled by default. Therefore, database queries may be performed during view rendering. Explicitly configure spring.jpa.open-in-view to disable this warning
2020-12-22 14:33:55.558  INFO 13780 --- [restartedMain] o.s.s.concurrent.ThreadPoolTaskExecutor  : Initializing ExecutorService 'applicationTaskExecutor'
2020-12-22 14:33:55.687  INFO 13780 --- [restartedMain] o.s.b.w.embedded.tomcat.TomcatWebServer  : Tomcat started on port(s): 8081 (http) with context path '/SpringMVC'
2020-12-22 14:33:55.693  INFO 13780 --- [restartedMain] t.e.s.t.Tp1SpringAopApplication          : Started Tp1SpringAopApplication in 2.822 seconds (JVM running for 3.627)
2020-12-22 14:34:00.889  INFO 13780 --- [http-nio-8081-exec-1] o.a.c.c.C.[.[localhost].[/SpringMVC]     : Initializing Spring DispatcherServlet 'dispatcherServlet'
2020-12-22 14:34:00.889  INFO 13780 --- [http-nio-8081-exec-1] o.s.web.servlet.DispatcherServlet        : Initializing Servlet 'dispatcherServlet'
2020-12-22 14:34:00.890  INFO 13780 --- [http-nio-8081-exec-1] o.s.web.servlet.DispatcherServlet        : Completed initialization in 0 ms
2020-12-22 14:34:00.905  INFO 13780 --- [http-nio-8081-exec-1] t.e.s.t.service.UserServiceImpl          : retrieving all users
2020-12-22 14:34:29.157  INFO 15032 --- [restartedMain] t.e.s.t.Tp1SpringAopApplication          : Starting Tp1SpringAopApplication using Java 1.8.0_60 on DESKTOP-BSHFAPR with PID 15032 (C:\Users\Bahihc\IdeaProjects\tp1-spring-aop\target\classes started by Bahihc in C:\Users\Bahihc\IdeaProjects\tp1-spring-aop)
2020-12-22 14:34:29.159  INFO 15032 --- [restartedMain] t.e.s.t.Tp1SpringAopApplication          : No active profile set, falling back to default profiles: default
2020-12-22 14:34:29.196  INFO 15032 --- [restartedMain] .e.DevToolsPropertyDefaultsPostProcessor : Devtools property defaults active! Set 'spring.devtools.add-properties' to 'false' to disable
2020-12-22 14:34:29.196  INFO 15032 --- [restartedMain] .e.DevToolsPropertyDefaultsPostProcessor : For additional web related logging consider setting the 'logging.level.web' property to 'DEBUG'
2020-12-22 14:34:29.620  INFO 15032 --- [restartedMain] .s.d.r.c.RepositoryConfigurationDelegate : Bootstrapping Spring Data JPA repositories in DEFAULT mode.
2020-12-22 14:34:29.658  INFO 15032 --- [restartedMain] .s.d.r.c.RepositoryConfigurationDelegate : Finished Spring Data repository scanning in 30 ms. Found 1 JPA repository interfaces.
2020-12-22 14:34:29.968  INFO 15032 --- [restartedMain] o.s.b.w.embedded.tomcat.TomcatWebServer  : Tomcat initialized with port(s): 8081 (http)
2020-12-22 14:34:29.974  INFO 15032 --- [restartedMain] o.apache.catalina.core.StandardService   : Starting service [Tomcat]
2020-12-22 14:34:29.975  INFO 15032 --- [restartedMain] org.apache.catalina.core.StandardEngine  : Starting Servlet engine: [Apache Tomcat/9.0.41]
2020-12-22 14:34:30.048  INFO 15032 --- [restartedMain] o.a.c.c.C.[.[localhost].[/SpringMVC]     : Initializing Spring embedded WebApplicationContext
2020-12-22 14:34:30.049  INFO 15032 --- [restartedMain] w.s.c.ServletWebServerApplicationContext : Root WebApplicationContext: initialization completed in 851 ms
2020-12-22 14:34:30.156  INFO 15032 --- [restartedMain] o.hibernate.jpa.internal.util.LogHelper  : HHH000204: Processing PersistenceUnitInfo [name: default]
2020-12-22 14:34:30.194  INFO 15032 --- [restartedMain] org.hibernate.Version                    : HHH000412: Hibernate ORM core version 5.4.25.Final
2020-12-22 14:34:30.286  INFO 15032 --- [restartedMain] o.hibernate.annotations.common.Version   : HCANN000001: Hibernate Commons Annotations {5.1.2.Final}
2020-12-22 14:34:30.343  INFO 15032 --- [restartedMain] com.zaxxer.hikari.HikariDataSource       : HikariPool-1 - Starting...
2020-12-22 14:34:30.462  INFO 15032 --- [restartedMain] com.zaxxer.hikari.HikariDataSource       : HikariPool-1 - Start completed.
2020-12-22 14:34:30.469  INFO 15032 --- [restartedMain] org.hibernate.dialect.Dialect            : HHH000400: Using dialect: org.hibernate.dialect.MySQL5InnoDBDialect
2020-12-22 14:34:30.819  INFO 15032 --- [restartedMain] o.h.e.t.j.p.i.JtaPlatformInitiator       : HHH000490: Using JtaPlatform implementation: [org.hibernate.engine.transaction.jta.platform.internal.NoJtaPlatform]
2020-12-22 14:34:30.825  INFO 15032 --- [restartedMain] j.LocalContainerEntityManagerFactoryBean : Initialized JPA EntityManagerFactory for persistence unit 'default'
2020-12-22 14:34:30.844  INFO 15032 --- [restartedMain] o.s.b.d.a.OptionalLiveReloadServer       : LiveReload server is running on port 35729
2020-12-22 14:34:31.073  WARN 15032 --- [restartedMain] JpaBaseConfiguration$JpaWebConfiguration : spring.jpa.open-in-view is enabled by default. Therefore, database queries may be performed during view rendering. Explicitly configure spring.jpa.open-in-view to disable this warning
2020-12-22 14:34:31.134  INFO 15032 --- [restartedMain] o.s.s.concurrent.ThreadPoolTaskExecutor  : Initializing ExecutorService 'applicationTaskExecutor'
2020-12-22 14:34:31.254  INFO 15032 --- [restartedMain] o.s.b.w.embedded.tomcat.TomcatWebServer  : Tomcat started on port(s): 8081 (http) with context path '/SpringMVC'
2020-12-22 14:34:31.260  INFO 15032 --- [restartedMain] t.e.s.t.Tp1SpringAopApplication          : Started Tp1SpringAopApplication in 2.404 seconds (JVM running for 3.126)
2020-12-22 14:34:33.502  INFO 15032 --- [http-nio-8081-exec-1] o.a.c.c.C.[.[localhost].[/SpringMVC]     : Initializing Spring DispatcherServlet 'dispatcherServlet'
2020-12-22 14:34:33.503  INFO 15032 --- [http-nio-8081-exec-1] o.s.web.servlet.DispatcherServlet        : Initializing Servlet 'dispatcherServlet'
2020-12-22 14:34:33.504  INFO 15032 --- [http-nio-8081-exec-1] o.s.web.servlet.DispatcherServlet        : Completed initialization in 1 ms
2020-12-22 14:34:33.519  INFO 15032 --- [http-nio-8081-exec-1] t.e.s.t.service.UserServiceImpl          : retrieving all users
2020-12-22 14:37:58.912  INFO 3004 --- [restartedMain] t.e.s.t.Tp1SpringAopApplication          : Starting Tp1SpringAopApplication using Java 1.8.0_60 on DESKTOP-BSHFAPR with PID 3004 (C:\Users\Bahihc\IdeaProjects\tp1-spring-aop\target\classes started by Bahihc in C:\Users\Bahihc\IdeaProjects\tp1-spring-aop)
2020-12-22 14:37:58.915  INFO 3004 --- [restartedMain] t.e.s.t.Tp1SpringAopApplication          : No active profile set, falling back to default profiles: default
2020-12-22 14:37:58.961  INFO 3004 --- [restartedMain] .e.DevToolsPropertyDefaultsPostProcessor : Devtools property defaults active! Set 'spring.devtools.add-properties' to 'false' to disable
2020-12-22 14:37:58.961  INFO 3004 --- [restartedMain] .e.DevToolsPropertyDefaultsPostProcessor : For additional web related logging consider setting the 'logging.level.web' property to 'DEBUG'
2020-12-22 14:37:59.437  INFO 3004 --- [restartedMain] .s.d.r.c.RepositoryConfigurationDelegate : Bootstrapping Spring Data JPA repositories in DEFAULT mode.
2020-12-22 14:37:59.481  INFO 3004 --- [restartedMain] .s.d.r.c.RepositoryConfigurationDelegate : Finished Spring Data repository scanning in 39 ms. Found 1 JPA repository interfaces.
2020-12-22 14:37:59.806  INFO 3004 --- [restartedMain] o.s.b.w.embedded.tomcat.TomcatWebServer  : Tomcat initialized with port(s): 8081 (http)
2020-12-22 14:37:59.813  INFO 3004 --- [restartedMain] o.apache.catalina.core.StandardService   : Starting service [Tomcat]
2020-12-22 14:37:59.813  INFO 3004 --- [restartedMain] org.apache.catalina.core.StandardEngine  : Starting Servlet engine: [Apache Tomcat/9.0.41]
2020-12-22 14:37:59.892  INFO 3004 --- [restartedMain] o.a.c.c.C.[.[localhost].[/SpringMVC]     : Initializing Spring embedded WebApplicationContext
2020-12-22 14:37:59.892  INFO 3004 --- [restartedMain] w.s.c.ServletWebServerApplicationContext : Root WebApplicationContext: initialization completed in 930 ms
2020-12-22 14:38:00.019  INFO 3004 --- [restartedMain] o.hibernate.jpa.internal.util.LogHelper  : HHH000204: Processing PersistenceUnitInfo [name: default]
2020-12-22 14:38:00.057  INFO 3004 --- [restartedMain] org.hibernate.Version                    : HHH000412: Hibernate ORM core version 5.4.25.Final
2020-12-22 14:38:00.154  INFO 3004 --- [restartedMain] o.hibernate.annotations.common.Version   : HCANN000001: Hibernate Commons Annotations {5.1.2.Final}
2020-12-22 14:38:00.218  INFO 3004 --- [restartedMain] com.zaxxer.hikari.HikariDataSource       : HikariPool-1 - Starting...
2020-12-22 14:38:00.348  INFO 3004 --- [restartedMain] com.zaxxer.hikari.HikariDataSource       : HikariPool-1 - Start completed.
2020-12-22 14:38:00.355  INFO 3004 --- [restartedMain] org.hibernate.dialect.Dialect            : HHH000400: Using dialect: org.hibernate.dialect.MySQL5InnoDBDialect
2020-12-22 14:38:00.718  INFO 3004 --- [restartedMain] o.h.e.t.j.p.i.JtaPlatformInitiator       : HHH000490: Using JtaPlatform implementation: [org.hibernate.engine.transaction.jta.platform.internal.NoJtaPlatform]
2020-12-22 14:38:00.724  INFO 3004 --- [restartedMain] j.LocalContainerEntityManagerFactoryBean : Initialized JPA EntityManagerFactory for persistence unit 'default'
2020-12-22 14:38:00.743  INFO 3004 --- [restartedMain] o.s.b.d.a.OptionalLiveReloadServer       : LiveReload server is running on port 35729
2020-12-22 14:38:00.971  WARN 3004 --- [restartedMain] JpaBaseConfiguration$JpaWebConfiguration : spring.jpa.open-in-view is enabled by default. Therefore, database queries may be performed during view rendering. Explicitly configure spring.jpa.open-in-view to disable this warning
2020-12-22 14:38:01.034  INFO 3004 --- [restartedMain] o.s.s.concurrent.ThreadPoolTaskExecutor  : Initializing ExecutorService 'applicationTaskExecutor'
2020-12-22 14:38:01.178  INFO 3004 --- [restartedMain] o.s.b.w.embedded.tomcat.TomcatWebServer  : Tomcat started on port(s): 8081 (http) with context path '/SpringMVC'
2020-12-22 14:38:01.185  INFO 3004 --- [restartedMain] t.e.s.t.Tp1SpringAopApplication          : Started Tp1SpringAopApplication in 2.551 seconds (JVM running for 3.232)
2020-12-22 14:38:15.924  INFO 3004 --- [http-nio-8081-exec-1] o.a.c.c.C.[.[localhost].[/SpringMVC]     : Initializing Spring DispatcherServlet 'dispatcherServlet'
2020-12-22 14:38:15.924  INFO 3004 --- [http-nio-8081-exec-1] o.s.web.servlet.DispatcherServlet        : Initializing Servlet 'dispatcherServlet'
2020-12-22 14:38:15.925  INFO 3004 --- [http-nio-8081-exec-1] o.s.web.servlet.DispatcherServlet        : Completed initialization in 1 ms
2020-12-22 14:38:15.939  INFO 3004 --- [http-nio-8081-exec-1] t.e.s.t.service.UserServiceImpl          : retrieving all users
2020-12-22 14:39:37.663  INFO 6892 --- [restartedMain] t.e.s.t.Tp1SpringAopApplication          : Starting Tp1SpringAopApplication using Java 1.8.0_60 on DESKTOP-BSHFAPR with PID 6892 (C:\Users\Bahihc\IdeaProjects\tp1-spring-aop\target\classes started by Bahihc in C:\Users\Bahihc\IdeaProjects\tp1-spring-aop)
2020-12-22 14:39:37.665  INFO 6892 --- [restartedMain] t.e.s.t.Tp1SpringAopApplication          : No active profile set, falling back to default profiles: default
2020-12-22 14:39:37.718  INFO 6892 --- [restartedMain] .e.DevToolsPropertyDefaultsPostProcessor : Devtools property defaults active! Set 'spring.devtools.add-properties' to 'false' to disable
2020-12-22 14:39:37.718  INFO 6892 --- [restartedMain] .e.DevToolsPropertyDefaultsPostProcessor : For additional web related logging consider setting the 'logging.level.web' property to 'DEBUG'
2020-12-22 14:39:38.245  INFO 6892 --- [restartedMain] .s.d.r.c.RepositoryConfigurationDelegate : Bootstrapping Spring Data JPA repositories in DEFAULT mode.
2020-12-22 14:39:38.294  INFO 6892 --- [restartedMain] .s.d.r.c.RepositoryConfigurationDelegate : Finished Spring Data repository scanning in 41 ms. Found 1 JPA repository interfaces.
2020-12-22 14:39:38.664  INFO 6892 --- [restartedMain] o.s.b.w.embedded.tomcat.TomcatWebServer  : Tomcat initialized with port(s): 8081 (http)
2020-12-22 14:39:38.669  INFO 6892 --- [restartedMain] o.apache.catalina.core.StandardService   : Starting service [Tomcat]
2020-12-22 14:39:38.670  INFO 6892 --- [restartedMain] org.apache.catalina.core.StandardEngine  : Starting Servlet engine: [Apache Tomcat/9.0.41]
2020-12-22 14:39:38.741  INFO 6892 --- [restartedMain] o.a.c.c.C.[.[localhost].[/SpringMVC]     : Initializing Spring embedded WebApplicationContext
2020-12-22 14:39:38.741  INFO 6892 --- [restartedMain] w.s.c.ServletWebServerApplicationContext : Root WebApplicationContext: initialization completed in 1022 ms
2020-12-22 14:39:38.837  INFO 6892 --- [restartedMain] o.hibernate.jpa.internal.util.LogHelper  : HHH000204: Processing PersistenceUnitInfo [name: default]
2020-12-22 14:39:38.865  INFO 6892 --- [restartedMain] org.hibernate.Version                    : HHH000412: Hibernate ORM core version 5.4.25.Final
2020-12-22 14:39:38.942  INFO 6892 --- [restartedMain] o.hibernate.annotations.common.Version   : HCANN000001: Hibernate Commons Annotations {5.1.2.Final}
2020-12-22 14:39:39.005  INFO 6892 --- [restartedMain] com.zaxxer.hikari.HikariDataSource       : HikariPool-1 - Starting...
2020-12-22 14:39:39.138  INFO 6892 --- [restartedMain] com.zaxxer.hikari.HikariDataSource       : HikariPool-1 - Start completed.
2020-12-22 14:39:39.146  INFO 6892 --- [restartedMain] org.hibernate.dialect.Dialect            : HHH000400: Using dialect: org.hibernate.dialect.MySQL5InnoDBDialect
2020-12-22 14:39:39.493  INFO 6892 --- [restartedMain] o.h.e.t.j.p.i.JtaPlatformInitiator       : HHH000490: Using JtaPlatform implementation: [org.hibernate.engine.transaction.jta.platform.internal.NoJtaPlatform]
2020-12-22 14:39:39.499  INFO 6892 --- [restartedMain] j.LocalContainerEntityManagerFactoryBean : Initialized JPA EntityManagerFactory for persistence unit 'default'
2020-12-22 14:39:39.519  INFO 6892 --- [restartedMain] o.s.b.d.a.OptionalLiveReloadServer       : LiveReload server is running on port 35729
2020-12-22 14:39:39.767  WARN 6892 --- [restartedMain] JpaBaseConfiguration$JpaWebConfiguration : spring.jpa.open-in-view is enabled by default. Therefore, database queries may be performed during view rendering. Explicitly configure spring.jpa.open-in-view to disable this warning
2020-12-22 14:39:39.829  INFO 6892 --- [restartedMain] o.s.s.concurrent.ThreadPoolTaskExecutor  : Initializing ExecutorService 'applicationTaskExecutor'
2020-12-22 14:39:39.953  INFO 6892 --- [restartedMain] o.s.b.w.embedded.tomcat.TomcatWebServer  : Tomcat started on port(s): 8081 (http) with context path '/SpringMVC'
2020-12-22 14:39:39.960  INFO 6892 --- [restartedMain] t.e.s.t.Tp1SpringAopApplication          : Started Tp1SpringAopApplication in 2.585 seconds (JVM running for 3.324)
2020-12-22 14:39:42.959  INFO 6892 --- [http-nio-8081-exec-1] o.a.c.c.C.[.[localhost].[/SpringMVC]     : Initializing Spring DispatcherServlet 'dispatcherServlet'
2020-12-22 14:39:42.959  INFO 6892 --- [http-nio-8081-exec-1] o.s.web.servlet.DispatcherServlet        : Initializing Servlet 'dispatcherServlet'
2020-12-22 14:39:42.960  INFO 6892 --- [http-nio-8081-exec-1] o.s.web.servlet.DispatcherServlet        : Completed initialization in 1 ms
2020-12-22 14:39:42.975  INFO 6892 --- [http-nio-8081-exec-1] t.e.s.t.service.UserServiceImpl          : retrieving all users
2020-12-22 14:54:21.661  INFO 9976 --- [restartedMain] t.e.s.t.Tp1SpringAopApplication          : Starting Tp1SpringAopApplication using Java 1.8.0_60 on DESKTOP-BSHFAPR with PID 9976 (C:\Users\Bahihc\IdeaProjects\tp1-spring-aop\target\classes started by Bahihc in C:\Users\Bahihc\IdeaProjects\tp1-spring-aop)
2020-12-22 14:54:21.663  INFO 9976 --- [restartedMain] t.e.s.t.Tp1SpringAopApplication          : No active profile set, falling back to default profiles: default
2020-12-22 14:54:21.699  INFO 9976 --- [restartedMain] .e.DevToolsPropertyDefaultsPostProcessor : Devtools property defaults active! Set 'spring.devtools.add-properties' to 'false' to disable
2020-12-22 14:54:21.699  INFO 9976 --- [restartedMain] .e.DevToolsPropertyDefaultsPostProcessor : For additional web related logging consider setting the 'logging.level.web' property to 'DEBUG'
2020-12-22 14:54:22.124  INFO 9976 --- [restartedMain] .s.d.r.c.RepositoryConfigurationDelegate : Bootstrapping Spring Data JPA repositories in DEFAULT mode.
2020-12-22 14:54:22.163  INFO 9976 --- [restartedMain] .s.d.r.c.RepositoryConfigurationDelegate : Finished Spring Data repository scanning in 33 ms. Found 1 JPA repository interfaces.
2020-12-22 14:54:22.486  INFO 9976 --- [restartedMain] o.s.b.w.embedded.tomcat.TomcatWebServer  : Tomcat initialized with port(s): 8081 (http)
2020-12-22 14:54:22.492  INFO 9976 --- [restartedMain] o.apache.catalina.core.StandardService   : Starting service [Tomcat]
2020-12-22 14:54:22.492  INFO 9976 --- [restartedMain] org.apache.catalina.core.StandardEngine  : Starting Servlet engine: [Apache Tomcat/9.0.41]
2020-12-22 14:54:22.560  INFO 9976 --- [restartedMain] o.a.c.c.C.[.[localhost].[/SpringMVC]     : Initializing Spring embedded WebApplicationContext
2020-12-22 14:54:22.560  INFO 9976 --- [restartedMain] w.s.c.ServletWebServerApplicationContext : Root WebApplicationContext: initialization completed in 860 ms
2020-12-22 14:54:22.659  INFO 9976 --- [restartedMain] o.hibernate.jpa.internal.util.LogHelper  : HHH000204: Processing PersistenceUnitInfo [name: default]
2020-12-22 14:54:22.687  INFO 9976 --- [restartedMain] org.hibernate.Version                    : HHH000412: Hibernate ORM core version 5.4.25.Final
2020-12-22 14:54:22.765  INFO 9976 --- [restartedMain] o.hibernate.annotations.common.Version   : HCANN000001: Hibernate Commons Annotations {5.1.2.Final}
2020-12-22 14:54:22.833  INFO 9976 --- [restartedMain] com.zaxxer.hikari.HikariDataSource       : HikariPool-1 - Starting...
2020-12-22 14:54:22.968  INFO 9976 --- [restartedMain] com.zaxxer.hikari.HikariDataSource       : HikariPool-1 - Start completed.
2020-12-22 14:54:22.976  INFO 9976 --- [restartedMain] org.hibernate.dialect.Dialect            : HHH000400: Using dialect: org.hibernate.dialect.MySQL5InnoDBDialect
2020-12-22 14:54:23.316  INFO 9976 --- [restartedMain] o.h.e.t.j.p.i.JtaPlatformInitiator       : HHH000490: Using JtaPlatform implementation: [org.hibernate.engine.transaction.jta.platform.internal.NoJtaPlatform]
2020-12-22 14:54:23.322  INFO 9976 --- [restartedMain] j.LocalContainerEntityManagerFactoryBean : Initialized JPA EntityManagerFactory for persistence unit 'default'
2020-12-22 14:54:23.341  INFO 9976 --- [restartedMain] o.s.b.d.a.OptionalLiveReloadServer       : LiveReload server is running on port 35729
2020-12-22 14:54:23.570  WARN 9976 --- [restartedMain] JpaBaseConfiguration$JpaWebConfiguration : spring.jpa.open-in-view is enabled by default. Therefore, database queries may be performed during view rendering. Explicitly configure spring.jpa.open-in-view to disable this warning
2020-12-22 14:54:23.631  INFO 9976 --- [restartedMain] o.s.s.concurrent.ThreadPoolTaskExecutor  : Initializing ExecutorService 'applicationTaskExecutor'
2020-12-22 14:54:23.751  INFO 9976 --- [restartedMain] o.s.b.w.embedded.tomcat.TomcatWebServer  : Tomcat started on port(s): 8081 (http) with context path '/SpringMVC'
2020-12-22 14:54:23.758  INFO 9976 --- [restartedMain] t.e.s.t.Tp1SpringAopApplication          : Started Tp1SpringAopApplication in 2.403 seconds (JVM running for 3.15)
2020-12-22 14:54:27.412  INFO 9976 --- [http-nio-8081-exec-1] o.a.c.c.C.[.[localhost].[/SpringMVC]     : Initializing Spring DispatcherServlet 'dispatcherServlet'
2020-12-22 14:54:27.412  INFO 9976 --- [http-nio-8081-exec-1] o.s.web.servlet.DispatcherServlet        : Initializing Servlet 'dispatcherServlet'
2020-12-22 14:54:27.414  INFO 9976 --- [http-nio-8081-exec-1] o.s.web.servlet.DispatcherServlet        : Completed initialization in 2 ms
